Compilation failed:
    source file: 'C:/Users/m3t4l/pocstreamingv/node_modules/opencv-build/opencv/opencv/cmake/checks/cpu_avx512.cpp'
    check option: '    '
===== BUILD LOG =====
Change Dir: C:/Users/m3t4l/pocstreamingv/node_modules/opencv-build/opencv/build/CMakeFiles/CMakeTmp

Run Build Command(s):C:/Program Files (x86)/Microsoft Visual Studio/2017/BuildTools/MSBuild/15.0/Bin/MSBuild.exe cmTC_12ad9.vcxproj /p:Configuration=Release /p:Platform=x64 /p:VisualStudioVersion=15.0 /v:m && Microsoft (R) Build Engine versión 15.9.21+g9802d43bc3 para .NET Framework
Copyright (C) Microsoft Corporation. Todos los derechos reservados.

  Compilador de optimización de C/C++ de Microsoft (R) versión 19.16.27043 para x64
  (C) Microsoft Corporation. Todos los derechos reservados.
  
  cpu_avx512.cpp
  cl /c /W3 /WX- /diagnostics:classic /O2 /Ob2 /D WIN32 /D _WINDOWS /D NDEBUG /D "CMAKE_INTDIR=\"Release\"" /D _MBCS /Gm- /EHsc /MD /GS /fp:precise /Zc:wchar_t /Zc:forScope /Zc:inline /GR /Fo"cmTC_12ad9.dir\Release\\" /Fd"cmTC_12ad9.dir\Release\vc141.pdb" /Gd /TP /errorReport:queue "C:\Users\m3t4l\pocstreamingv\node_modules\opencv-build\opencv\opencv\cmake\checks\cpu_avx512.cpp"
  
C:\Users\m3t4l\pocstreamingv\node_modules\opencv-build\opencv\opencv\cmake\checks\cpu_avx512.cpp(11): fatal error C1189: #error:  "AVX512 is not supported" [C:\Users\m3t4l\pocstreamingv\node_modules\opencv-build\opencv\build\CMakeFiles\CMakeTmp\cmTC_12ad9.vcxproj]


===== END =====

Compilation failed:
    source file: 'C:/Users/m3t4l/pocstreamingv/node_modules/opencv-build/opencv/opencv/cmake/checks/cpu_avx512skx.cpp'
    check option: '    '
===== BUILD LOG =====
Change Dir: C:/Users/m3t4l/pocstreamingv/node_modules/opencv-build/opencv/build/CMakeFiles/CMakeTmp

Run Build Command(s):C:/Program Files (x86)/Microsoft Visual Studio/2017/BuildTools/MSBuild/15.0/Bin/MSBuild.exe cmTC_d018d.vcxproj /p:Configuration=Release /p:Platform=x64 /p:VisualStudioVersion=15.0 /v:m && Microsoft (R) Build Engine versión 15.9.21+g9802d43bc3 para .NET Framework
Copyright (C) Microsoft Corporation. Todos los derechos reservados.

  Compilador de optimización de C/C++ de Microsoft (R) versión 19.16.27043 para x64
  (C) Microsoft Corporation. Todos los derechos reservados.
  
  cpu_avx512skx.cpp
  cl /c /W3 /WX- /diagnostics:classic /O2 /Ob2 /D WIN32 /D _WINDOWS /D NDEBUG /D "CMAKE_INTDIR=\"Release\"" /D _MBCS /Gm- /EHsc /MD /GS /fp:precise /Zc:wchar_t /Zc:forScope /Zc:inline /GR /Fo"cmTC_d018d.dir\Release\\" /Fd"cmTC_d018d.dir\Release\vc141.pdb" /Gd /TP /errorReport:queue "C:\Users\m3t4l\pocstreamingv\node_modules\opencv-build\opencv\opencv\cmake\checks\cpu_avx512skx.cpp"
  
C:\Users\m3t4l\pocstreamingv\node_modules\opencv-build\opencv\opencv\cmake\checks\cpu_avx512skx.cpp(15): fatal error C1189: #error:  "AVX512-SKX is not supported" [C:\Users\m3t4l\pocstreamingv\node_modules\opencv-build\opencv\build\CMakeFiles\CMakeTmp\cmTC_d018d.vcxproj]


===== END =====

Determining if the function fseeko exists failed with the following output:
Change Dir: C:/Users/m3t4l/pocstreamingv/node_modules/opencv-build/opencv/build/CMakeFiles/CMakeTmp

Run Build Command(s):C:/Program Files (x86)/Microsoft Visual Studio/2017/BuildTools/MSBuild/15.0/Bin/MSBuild.exe cmTC_026cb.vcxproj /p:Configuration=Release /p:Platform=x64 /p:VisualStudioVersion=15.0 /v:m && Microsoft (R) Build Engine versión 15.9.21+g9802d43bc3 para .NET Framework
Copyright (C) Microsoft Corporation. Todos los derechos reservados.

  Compilador de optimización de C/C++ de Microsoft (R) versión 19.16.27043 para x64
  (C) Microsoft Corporation. Todos los derechos reservados.
  
  CheckFunctionExists.c
  cl /c /W3 /WX- /diagnostics:classic /MP4 /O2 /Ob2 /Oi /D WIN32 /D _WINDOWS /D _CRT_SECURE_NO_DEPRECATE /D _CRT_NONSTDC_NO_DEPRECATE /D _SCL_SECURE_NO_WARNINGS /D CHECK_FUNCTION_EXISTS=fseeko /D NDEBUG /D "CMAKE_INTDIR=\"Release\"" /D _MBCS /Gm- /MD /GS /Gy /fp:precise /Zc:wchar_t /Zc:forScope /Zc:inline /Fo"cmTC_026cb.dir\Release\\" /Fd"cmTC_026cb.dir\Release\vc141.pdb" /Gd /TC /errorReport:queue  /bigobj "C:\Program Files\CMake\share\cmake-3.19\Modules\CheckFunctionExists.c"
  
CheckFunctionExists.obj : error LNK2019: sÝmbolo externo fseeko sin resolver al que se hace referencia en la funci¾n main [C:\Users\m3t4l\pocstreamingv\node_modules\opencv-build\opencv\build\CMakeFiles\CMakeTmp\cmTC_026cb.vcxproj]
C:\Users\m3t4l\pocstreamingv\node_modules\opencv-build\opencv\build\CMakeFiles\CMakeTmp\Release\cmTC_026cb.exe : fatal error LNK1120: 1 externos sin resolver [C:\Users\m3t4l\pocstreamingv\node_modules\opencv-build\opencv\build\CMakeFiles\CMakeTmp\cmTC_026cb.vcxproj]



Determining size of off64_t failed with the following output:
Change Dir: C:/Users/m3t4l/pocstreamingv/node_modules/opencv-build/opencv/build/CMakeFiles/CMakeTmp

Run Build Command(s):C:/Program Files (x86)/Microsoft Visual Studio/2017/BuildTools/MSBuild/15.0/Bin/MSBuild.exe cmTC_5cf7d.vcxproj /p:Configuration=Release /p:Platform=x64 /p:VisualStudioVersion=15.0 /v:m && Microsoft (R) Build Engine versión 15.9.21+g9802d43bc3 para .NET Framework
Copyright (C) Microsoft Corporation. Todos los derechos reservados.

  Compilador de optimización de C/C++ de Microsoft (R) versión 19.16.27043 para x64
  (C) Microsoft Corporation. Todos los derechos reservados.
  
  OFF64_T.c
  cl /c /W3 /WX- /diagnostics:classic /MP4 /O2 /Ob2 /Oi /D WIN32 /D _WINDOWS /D _CRT_SECURE_NO_DEPRECATE /D _CRT_NONSTDC_NO_DEPRECATE /D _SCL_SECURE_NO_WARNINGS /D NDEBUG /D "CMAKE_INTDIR=\"Release\"" /D _MBCS /Gm- /MD /GS /Gy /fp:precise /Zc:wchar_t /Zc:forScope /Zc:inline /Fo"cmTC_5cf7d.dir\Release\\" /Fd"cmTC_5cf7d.dir\Release\vc141.pdb" /Gd /TC /errorReport:queue  /bigobj "C:\Users\m3t4l\pocstreamingv\node_modules\opencv-build\opencv\build\CMakeFiles\CheckTypeSize\OFF64_T.c"
  
C:\Users\m3t4l\pocstreamingv\node_modules\opencv-build\opencv\build\CMakeFiles\CheckTypeSize\OFF64_T.c(29): error C2065: 'off64_t': identificador no declarado [C:\Users\m3t4l\pocstreamingv\node_modules\opencv-build\opencv\build\CMakeFiles\CMakeTmp\cmTC_5cf7d.vcxproj]
C:\Users\m3t4l\pocstreamingv\node_modules\opencv-build\opencv\build\CMakeFiles\CheckTypeSize\OFF64_T.c(30): error C2065: 'off64_t': identificador no declarado [C:\Users\m3t4l\pocstreamingv\node_modules\opencv-build\opencv\build\CMakeFiles\CMakeTmp\cmTC_5cf7d.vcxproj]
C:\Users\m3t4l\pocstreamingv\node_modules\opencv-build\opencv\build\CMakeFiles\CheckTypeSize\OFF64_T.c(31): error C2065: 'off64_t': identificador no declarado [C:\Users\m3t4l\pocstreamingv\node_modules\opencv-build\opencv\build\CMakeFiles\CMakeTmp\cmTC_5cf7d.vcxproj]
C:\Users\m3t4l\pocstreamingv\node_modules\opencv-build\opencv\build\CMakeFiles\CheckTypeSize\OFF64_T.c(32): error C2065: 'off64_t': identificador no declarado [C:\Users\m3t4l\pocstreamingv\node_modules\opencv-build\opencv\build\CMakeFiles\CMakeTmp\cmTC_5cf7d.vcxproj]
C:\Users\m3t4l\pocstreamingv\node_modules\opencv-build\opencv\build\CMakeFiles\CheckTypeSize\OFF64_T.c(33): error C2065: 'off64_t': identificador no declarado [C:\Users\m3t4l\pocstreamingv\node_modules\opencv-build\opencv\build\CMakeFiles\CMakeTmp\cmTC_5cf7d.vcxproj]


C:/Users/m3t4l/pocstreamingv/node_modules/opencv-build/opencv/build/CMakeFiles/CheckTypeSize/OFF64_T.c:
#include <sys/types.h>
#include <stdint.h>
#include <stddef.h>


#undef KEY
#if defined(__i386)
# define KEY '_','_','i','3','8','6'
#elif defined(__x86_64)
# define KEY '_','_','x','8','6','_','6','4'
#elif defined(__PPC64__)
# define KEY '_','_','P','P','C','6','4','_','_'
#elif defined(__ppc64__)
# define KEY '_','_','p','p','c','6','4','_','_'
#elif defined(__PPC__)
# define KEY '_','_','P','P','C','_','_'
#elif defined(__ppc__)
# define KEY '_','_','p','p','c','_','_'
#elif defined(__aarch64__)
# define KEY '_','_','a','a','r','c','h','6','4','_','_'
#elif defined(__ARM_ARCH_7A__)
# define KEY '_','_','A','R','M','_','A','R','C','H','_','7','A','_','_'
#elif defined(__ARM_ARCH_7S__)
# define KEY '_','_','A','R','M','_','A','R','C','H','_','7','S','_','_'
#endif

#define SIZE (sizeof(off64_t))
static char info_size[] =  {'I', 'N', 'F', 'O', ':', 's','i','z','e','[',
  ('0' + ((SIZE / 10000)%10)),
  ('0' + ((SIZE / 1000)%10)),
  ('0' + ((SIZE / 100)%10)),
  ('0' + ((SIZE / 10)%10)),
  ('0' +  (SIZE    % 10)),
  ']',
#ifdef KEY
  ' ','k','e','y','[', KEY, ']',
#endif
  '\0'};

#ifdef __CLASSIC_C__
int main(argc, argv) int argc; char *argv[];
#else
int main(int argc, char *argv[])
#endif
{
  int require = 0;
  require += info_size[argc];
  (void)argv;
  return require;
}


Determining if the function memmove exists failed with the following output:
Change Dir: C:/Users/m3t4l/pocstreamingv/node_modules/opencv-build/opencv/build/CMakeFiles/CMakeTmp

Run Build Command(s):C:/Program Files (x86)/Microsoft Visual Studio/2017/BuildTools/MSBuild/15.0/Bin/MSBuild.exe cmTC_d9f3c.vcxproj /p:Configuration=Release /p:Platform=x64 /p:VisualStudioVersion=15.0 /v:m && Microsoft (R) Build Engine versión 15.9.21+g9802d43bc3 para .NET Framework
Copyright (C) Microsoft Corporation. Todos los derechos reservados.

  Compilador de optimización de C/C++ de Microsoft (R) versión 19.16.27043 para x64
  (C) Microsoft Corporation. Todos los derechos reservados.
  
  CheckFunctionExists.c
  cl /c /W3 /WX- /diagnostics:classic /MP4 /O2 /Ob2 /Oi /D WIN32 /D _WINDOWS /D _CRT_SECURE_NO_DEPRECATE /D _CRT_NONSTDC_NO_DEPRECATE /D _SCL_SECURE_NO_WARNINGS /D CHECK_FUNCTION_EXISTS=memmove /D NDEBUG /D "CMAKE_INTDIR=\"Release\"" /D _MBCS /Gm- /MD /GS /Gy /fp:precise /Zc:wchar_t /Zc:forScope /Zc:inline /Fo"cmTC_d9f3c.dir\Release\\" /Fd"cmTC_d9f3c.dir\Release\vc141.pdb" /Gd /TC /errorReport:queue  /bigobj "C:\Program Files\CMake\share\cmake-3.19\Modules\CheckFunctionExists.c"
C:\Program Files\CMake\share\cmake-3.19\Modules\CheckFunctionExists.c(7): warning C4391: 'char memmove(void)': tipo incorrecto de valor devuelto para la función intrínseca, se esperaba 'void' [C:\Users\m3t4l\pocstreamingv\node_modules\opencv-build\opencv\build\CMakeFiles\CMakeTmp\cmTC_d9f3c.vcxproj]
C:\Program Files\CMake\share\cmake-3.19\Modules\CheckFunctionExists.c(7): warning C4392: 'char memmove(void)': número incorrecto de argumentos para la función intrínseca, se esperaban '3' argumentos [C:\Users\m3t4l\pocstreamingv\node_modules\opencv-build\opencv\build\CMakeFiles\CMakeTmp\cmTC_d9f3c.vcxproj]
C:\Program Files\CMake\share\cmake-3.19\Modules\CheckFunctionExists.c(17): error C2168: 'memmove': no hay suficientes parámetros reales para la función intrínseca [C:\Users\m3t4l\pocstreamingv\node_modules\opencv-build\opencv\build\CMakeFiles\CMakeTmp\cmTC_d9f3c.vcxproj]
  



Determining if the function strcasecmp exists failed with the following output:
Change Dir: C:/Users/m3t4l/pocstreamingv/node_modules/opencv-build/opencv/build/CMakeFiles/CMakeTmp

Run Build Command(s):C:/Program Files (x86)/Microsoft Visual Studio/2017/BuildTools/MSBuild/15.0/Bin/MSBuild.exe cmTC_17fd0.vcxproj /p:Configuration=Release /p:Platform=x64 /p:VisualStudioVersion=15.0 /v:m && Microsoft (R) Build Engine versión 15.9.21+g9802d43bc3 para .NET Framework
Copyright (C) Microsoft Corporation. Todos los derechos reservados.

  Compilador de optimización de C/C++ de Microsoft (R) versión 19.16.27043 para x64
  (C) Microsoft Corporation. Todos los derechos reservados.
  
  CheckFunctionExists.c
  cl /c /W3 /WX- /diagnostics:classic /MP4 /O2 /Ob2 /Oi /D WIN32 /D _WINDOWS /D _CRT_SECURE_NO_DEPRECATE /D _CRT_NONSTDC_NO_DEPRECATE /D _SCL_SECURE_NO_WARNINGS /D CHECK_FUNCTION_EXISTS=strcasecmp /D NDEBUG /D "CMAKE_INTDIR=\"Release\"" /D _MBCS /Gm- /MD /GS /Gy /fp:precise /Zc:wchar_t /Zc:forScope /Zc:inline /Fo"cmTC_17fd0.dir\Release\\" /Fd"cmTC_17fd0.dir\Release\vc141.pdb" /Gd /TC /errorReport:queue  /bigobj "C:\Program Files\CMake\share\cmake-3.19\Modules\CheckFunctionExists.c"
  
CheckFunctionExists.obj : error LNK2019: sÝmbolo externo strcasecmp sin resolver al que se hace referencia en la funci¾n main [C:\Users\m3t4l\pocstreamingv\node_modules\opencv-build\opencv\build\CMakeFiles\CMakeTmp\cmTC_17fd0.vcxproj]
C:\Users\m3t4l\pocstreamingv\node_modules\opencv-build\opencv\build\CMakeFiles\CMakeTmp\Release\cmTC_17fd0.exe : fatal error LNK1120: 1 externos sin resolver [C:\Users\m3t4l\pocstreamingv\node_modules\opencv-build\opencv\build\CMakeFiles\CMakeTmp\cmTC_17fd0.vcxproj]



Determining if the function sgemm_ exists failed with the following output:
Change Dir: C:/Users/m3t4l/pocstreamingv/node_modules/opencv-build/opencv/build/CMakeFiles/CMakeTmp

Run Build Command(s):C:/Program Files (x86)/Microsoft Visual Studio/2017/BuildTools/MSBuild/15.0/Bin/MSBuild.exe cmTC_22406.vcxproj /p:Configuration=Release /p:Platform=x64 /p:VisualStudioVersion=15.0 /v:m && Microsoft (R) Build Engine versión 15.9.21+g9802d43bc3 para .NET Framework
Copyright (C) Microsoft Corporation. Todos los derechos reservados.

  Compilador de optimización de C/C++ de Microsoft (R) versión 19.16.27043 para x64
  (C) Microsoft Corporation. Todos los derechos reservados.
  
  CheckFunctionExists.c
  cl /c /W3 /WX- /diagnostics:classic /MP4 /O2 /Ob2 /Oi /D WIN32 /D _WINDOWS /D _CRT_SECURE_NO_DEPRECATE /D _CRT_NONSTDC_NO_DEPRECATE /D _SCL_SECURE_NO_WARNINGS /D CHECK_FUNCTION_EXISTS=sgemm_ /D NDEBUG /D "CMAKE_INTDIR=\"Release\"" /D _MBCS /Gm- /MD /GS /Gy /fp:precise /Zc:wchar_t /Zc:forScope /Zc:inline /Fo"cmTC_22406.dir\Release\\" /Fd"cmTC_22406.dir\Release\vc141.pdb" /Gd /TC /errorReport:queue  /bigobj "C:\Program Files\CMake\share\cmake-3.19\Modules\CheckFunctionExists.c"
  
CheckFunctionExists.obj : error LNK2019: sÝmbolo externo sgemm_ sin resolver al que se hace referencia en la funci¾n main [C:\Users\m3t4l\pocstreamingv\node_modules\opencv-build\opencv\build\CMakeFiles\CMakeTmp\cmTC_22406.vcxproj]
C:\Users\m3t4l\pocstreamingv\node_modules\opencv-build\opencv\build\CMakeFiles\CMakeTmp\Release\cmTC_22406.exe : fatal error LNK1120: 1 externos sin resolver [C:\Users\m3t4l\pocstreamingv\node_modules\opencv-build\opencv\build\CMakeFiles\CMakeTmp\cmTC_22406.vcxproj]



Determining if the include file pthread.h exists failed with the following output:
Change Dir: C:/Users/m3t4l/pocstreamingv/node_modules/opencv-build/opencv/build/CMakeFiles/CMakeTmp

Run Build Command(s):C:/Program Files (x86)/Microsoft Visual Studio/2017/BuildTools/MSBuild/15.0/Bin/MSBuild.exe cmTC_5ef82.vcxproj /p:Configuration=Release /p:Platform=x64 /p:VisualStudioVersion=15.0 /v:m && Microsoft (R) Build Engine versión 15.9.21+g9802d43bc3 para .NET Framework
Copyright (C) Microsoft Corporation. Todos los derechos reservados.

  Compilador de optimización de C/C++ de Microsoft (R) versión 19.16.27043 para x64
  (C) Microsoft Corporation. Todos los derechos reservados.
  
  CheckIncludeFile.c
  cl /c /W3 /WX- /diagnostics:classic /MP4 /O2 /Ob2 /Oi /D WIN32 /D _WINDOWS /D _CRT_SECURE_NO_DEPRECATE /D _CRT_NONSTDC_NO_DEPRECATE /D _SCL_SECURE_NO_WARNINGS /D NDEBUG /D "CMAKE_INTDIR=\"Release\"" /D _MBCS /Gm- /MD /GS /Gy /fp:precise /Zc:wchar_t /Zc:forScope /Zc:inline /Fo"cmTC_5ef82.dir\Release\\" /Fd"cmTC_5ef82.dir\Release\vc141.pdb" /Gd /TC /errorReport:queue  /bigobj "C:\Users\m3t4l\pocstreamingv\node_modules\opencv-build\opencv\build\CMakeFiles\CMakeTmp\CheckIncludeFile.c"
  
C:\Users\m3t4l\pocstreamingv\node_modules\opencv-build\opencv\build\CMakeFiles\CMakeTmp\CheckIncludeFile.c(1): fatal error C1083: No se puede abrir el archivo incluir: 'pthread.h': No such file or directory [C:\Users\m3t4l\pocstreamingv\node_modules\opencv-build\opencv\build\CMakeFiles\CMakeTmp\cmTC_5ef82.vcxproj]



